<?xml version="1.0" encoding="UTF-8"?>
<testsuite name="ru.borisov.giphycurrency.GifServiceTest" tests="3" skipped="0" failures="0" errors="0" timestamp="2022-12-21T07:54:01" hostname="ginzzu-rcit" time="0.013">
  <properties/>
  <testcase name="Get gif url 1/3" classname="ru.borisov.giphycurrency.GifServiceTest" time="0.004"/>
  <testcase name="Get gif url 2/3" classname="ru.borisov.giphycurrency.GifServiceTest" time="0.003"/>
  <testcase name="Get gif url 3/3" classname="ru.borisov.giphycurrency.GifServiceTest" time="0.002"/>
  <system-out><![CDATA[2022-12-21 16:54:01.187  INFO 178347 --- [    Test worker] .b.t.c.SpringBootTestContextBootstrapper : Neither @ContextConfiguration nor @ContextHierarchy found for test class [ru.borisov.giphycurrency.GifServiceTest], using SpringBootContextLoader
2022-12-21 16:54:01.187  INFO 178347 --- [    Test worker] o.s.t.c.support.AbstractContextLoader    : Could not detect default resource locations for test class [ru.borisov.giphycurrency.GifServiceTest]: no resource found for suffixes {-context.xml, Context.groovy}.
2022-12-21 16:54:01.188  INFO 178347 --- [    Test worker] t.c.s.AnnotationConfigContextLoaderUtils : Could not detect default configuration classes for test class [ru.borisov.giphycurrency.GifServiceTest]: GifServiceTest does not declare any static, non-private, non-final, nested classes annotated with @Configuration.
2022-12-21 16:54:01.189  INFO 178347 --- [    Test worker] .b.t.c.SpringBootTestContextBootstrapper : Found @SpringBootConfiguration ru.borisov.giphycurrency.GiphyCurrencyApplication for test class ru.borisov.giphycurrency.GifServiceTest
2022-12-21 16:54:01.189  INFO 178347 --- [    Test worker] .b.t.c.SpringBootTestContextBootstrapper : Loaded default TestExecutionListener class names from location [META-INF/spring.factories]: [org.springframework.boot.test.autoconfigure.restdocs.RestDocsTestExecutionListener, org.springframework.boot.test.autoconfigure.web.client.MockRestServiceServerResetTestExecutionListener, org.springframework.boot.test.autoconfigure.web.servlet.MockMvcPrintOnlyOnFailureTestExecutionListener, org.springframework.boot.test.autoconfigure.web.servlet.WebDriverTestExecutionListener, org.springframework.boot.test.autoconfigure.webservices.client.MockWebServiceServerTestExecutionListener, org.springframework.boot.test.mock.mockito.MockitoTestExecutionListener, org.springframework.boot.test.mock.mockito.ResetMocksTestExecutionListener, org.springframework.test.context.web.ServletTestExecutionListener, org.springframework.test.context.support.DirtiesContextBeforeModesTestExecutionListener, org.springframework.test.context.event.ApplicationEventsTestExecutionListener, org.springframework.test.context.support.DependencyInjectionTestExecutionListener, org.springframework.test.context.support.DirtiesContextTestExecutionListener, org.springframework.test.context.transaction.TransactionalTestExecutionListener, org.springframework.test.context.jdbc.SqlScriptsTestExecutionListener, org.springframework.test.context.event.EventPublishingTestExecutionListener]
2022-12-21 16:54:01.190  INFO 178347 --- [    Test worker] .b.t.c.SpringBootTestContextBootstrapper : Using TestExecutionListeners: [org.springframework.test.context.web.ServletTestExecutionListener@5fe3b058, org.springframework.test.context.support.DirtiesContextBeforeModesTestExecutionListener@2a661215, org.springframework.test.context.event.ApplicationEventsTestExecutionListener@1f75fd1d, org.springframework.boot.test.mock.mockito.MockitoTestExecutionListener@212e39ee, org.springframework.boot.test.autoconfigure.SpringBootDependencyInjectionTestExecutionListener@638d2ce3, org.springframework.test.context.support.DirtiesContextTestExecutionListener@79617c3d, org.springframework.test.context.event.EventPublishingTestExecutionListener@49cceb19, org.springframework.boot.test.autoconfigure.restdocs.RestDocsTestExecutionListener@197d5a87, org.springframework.boot.test.autoconfigure.web.client.MockRestServiceServerResetTestExecutionListener@131d977f, org.springframework.boot.test.autoconfigure.web.servlet.MockMvcPrintOnlyOnFailureTestExecutionListener@616f81b5, org.springframework.boot.test.autoconfigure.web.servlet.WebDriverTestExecutionListener@4f552aa2, org.springframework.boot.test.autoconfigure.webservices.client.MockWebServiceServerTestExecutionListener@3c8fe8ad, org.springframework.boot.test.mock.mockito.ResetMocksTestExecutionListener@43d6262c]

  .   ____          _            __ _ _
 /\\ / ___'_ __ _ _(_)_ __  __ _ \ \ \ \
( ( )\___ | '_ | '_| | '_ \/ _` | \ \ \ \
 \\/  ___)| |_)| | | | | || (_| |  ) ) ) )
  '  |____| .__|_| |_|_| |_\__, | / / / /
 =========|_|==============|___/=/_/_/_/
 :: Spring Boot ::                (v2.7.6)

2022-12-21 16:54:01.214  INFO 178347 --- [    Test worker] ru.borisov.giphycurrency.GifServiceTest  : Starting GifServiceTest using Java 11.0.17 on ginzzu-rcit with PID 178347 (started by ascjke in /home/ascjke/Documents/IdeaProjects/giphy-currency)
2022-12-21 16:54:01.214  INFO 178347 --- [    Test worker] ru.borisov.giphycurrency.GifServiceTest  : No active profile set, falling back to 1 default profile: "default"
2022-12-21 16:54:01.282  INFO 178347 --- [    Test worker] o.s.cloud.context.scope.GenericScope     : BeanFactory id=f1d769d7-2634-33fa-bc47-b3eb46935741
2022-12-21 16:54:01.514  INFO 178347 --- [    Test worker] ru.borisov.giphycurrency.GifServiceTest  : Started GifServiceTest in 0.318 seconds (JVM running for 3.829)
2022-12-21 16:54:01.518  INFO 178347 --- [    Test worker] r.b.g.service.GifServiceImpl             : Getting GIF from Giphy
2022-12-21 16:54:01.525  INFO 178347 --- [    Test worker] r.b.g.service.GifServiceImpl             : Getting GIF from Giphy
2022-12-21 16:54:01.528  INFO 178347 --- [    Test worker] r.b.g.service.GifServiceImpl             : Getting GIF from Giphy
]]></system-out>
  <system-err><![CDATA[]]></system-err>
</testsuite>
