<?xml version="1.0" encoding="UTF-8"?>
<testsuite name="ru.borisov.giphycurrency.CurrencyServiceTest" tests="5" skipped="0" failures="0" errors="0" timestamp="2022-12-22T06:54:35" hostname="ginzzu-rcit" time="0.055">
  <properties/>
  <testcase name="The latest exchange rate of RUB should be 70.2499997" classname="ru.borisov.giphycurrency.CurrencyServiceTest" time="0.022"/>
  <testcase name="The yesterday exchange rate of RUB should be 68.499901" classname="ru.borisov.giphycurrency.CurrencyServiceTest" time="0.005"/>
  <testcase name="Get currencyGifDto 1/3" classname="ru.borisov.giphycurrency.CurrencyServiceTest" time="0.011"/>
  <testcase name="Get currencyGifDto 2/3" classname="ru.borisov.giphycurrency.CurrencyServiceTest" time="0.004"/>
  <testcase name="Get currencyGifDto 3/3" classname="ru.borisov.giphycurrency.CurrencyServiceTest" time="0.004"/>
  <system-out><![CDATA[2022-12-22 15:54:35.206  INFO 241060 --- [    Test worker] .b.t.c.SpringBootTestContextBootstrapper : Neither @ContextConfiguration nor @ContextHierarchy found for test class [ru.borisov.giphycurrency.CurrencyServiceTest], using SpringBootContextLoader
2022-12-22 15:54:35.207  INFO 241060 --- [    Test worker] o.s.t.c.support.AbstractContextLoader    : Could not detect default resource locations for test class [ru.borisov.giphycurrency.CurrencyServiceTest]: no resource found for suffixes {-context.xml, Context.groovy}.
2022-12-22 15:54:35.207  INFO 241060 --- [    Test worker] t.c.s.AnnotationConfigContextLoaderUtils : Could not detect default configuration classes for test class [ru.borisov.giphycurrency.CurrencyServiceTest]: CurrencyServiceTest does not declare any static, non-private, non-final, nested classes annotated with @Configuration.
2022-12-22 15:54:35.208  INFO 241060 --- [    Test worker] .b.t.c.SpringBootTestContextBootstrapper : Found @SpringBootConfiguration ru.borisov.giphycurrency.GiphyCurrencyApplication for test class ru.borisov.giphycurrency.CurrencyServiceTest
2022-12-22 15:54:35.209  INFO 241060 --- [    Test worker] .b.t.c.SpringBootTestContextBootstrapper : Loaded default TestExecutionListener class names from location [META-INF/spring.factories]: [org.springframework.boot.test.autoconfigure.restdocs.RestDocsTestExecutionListener, org.springframework.boot.test.autoconfigure.web.client.MockRestServiceServerResetTestExecutionListener, org.springframework.boot.test.autoconfigure.web.servlet.MockMvcPrintOnlyOnFailureTestExecutionListener, org.springframework.boot.test.autoconfigure.web.servlet.WebDriverTestExecutionListener, org.springframework.boot.test.autoconfigure.webservices.client.MockWebServiceServerTestExecutionListener, org.springframework.boot.test.mock.mockito.MockitoTestExecutionListener, org.springframework.boot.test.mock.mockito.ResetMocksTestExecutionListener, org.springframework.test.context.web.ServletTestExecutionListener, org.springframework.test.context.support.DirtiesContextBeforeModesTestExecutionListener, org.springframework.test.context.event.ApplicationEventsTestExecutionListener, org.springframework.test.context.support.DependencyInjectionTestExecutionListener, org.springframework.test.context.support.DirtiesContextTestExecutionListener, org.springframework.test.context.transaction.TransactionalTestExecutionListener, org.springframework.test.context.jdbc.SqlScriptsTestExecutionListener, org.springframework.test.context.event.EventPublishingTestExecutionListener]
2022-12-22 15:54:35.210  INFO 241060 --- [    Test worker] .b.t.c.SpringBootTestContextBootstrapper : Using TestExecutionListeners: [org.springframework.test.context.web.ServletTestExecutionListener@66314fee, org.springframework.test.context.support.DirtiesContextBeforeModesTestExecutionListener@14b5325f, org.springframework.test.context.event.ApplicationEventsTestExecutionListener@13404f75, org.springframework.boot.test.mock.mockito.MockitoTestExecutionListener@6cc90398, org.springframework.boot.test.autoconfigure.SpringBootDependencyInjectionTestExecutionListener@6b6fd0, org.springframework.test.context.support.DirtiesContextTestExecutionListener@3d718248, org.springframework.test.context.event.EventPublishingTestExecutionListener@2cdb5974, org.springframework.boot.test.autoconfigure.restdocs.RestDocsTestExecutionListener@8aa5ab4, org.springframework.boot.test.autoconfigure.web.client.MockRestServiceServerResetTestExecutionListener@53e4a19e, org.springframework.boot.test.autoconfigure.web.servlet.MockMvcPrintOnlyOnFailureTestExecutionListener@62360a68, org.springframework.boot.test.autoconfigure.web.servlet.WebDriverTestExecutionListener@1450ffa3, org.springframework.boot.test.autoconfigure.webservices.client.MockWebServiceServerTestExecutionListener@4e756867, org.springframework.boot.test.mock.mockito.ResetMocksTestExecutionListener@38ebc866]

  .   ____          _            __ _ _
 /\\ / ___'_ __ _ _(_)_ __  __ _ \ \ \ \
( ( )\___ | '_ | '_| | '_ \/ _` | \ \ \ \
 \\/  ___)| |_)| | | | | || (_| |  ) ) ) )
  '  |____| .__|_| |_|_| |_\__, | / / / /
 =========|_|==============|___/=/_/_/_/
 :: Spring Boot ::                (v2.7.6)

2022-12-22 15:54:35.238  INFO 241060 --- [    Test worker] r.b.giphycurrency.CurrencyServiceTest    : Starting CurrencyServiceTest using Java 11.0.17 on ginzzu-rcit with PID 241060 (started by ascjke in /home/ascjke/Documents/IdeaProjects/giphy-currency)
2022-12-22 15:54:35.239  INFO 241060 --- [    Test worker] r.b.giphycurrency.CurrencyServiceTest    : No active profile set, falling back to 1 default profile: "default"
2022-12-22 15:54:35.338  INFO 241060 --- [    Test worker] o.s.cloud.context.scope.GenericScope     : BeanFactory id=3e5c03bf-5ffd-3cd1-879a-283a1fe71375
2022-12-22 15:54:35.592  INFO 241060 --- [    Test worker] r.b.giphycurrency.CurrencyServiceTest    : Started CurrencyServiceTest in 0.377 seconds (JVM running for 2.556)
2022-12-22 15:54:35.602  INFO 241060 --- [    Test worker] r.b.g.repository.ExchangeRateRepository  : Getting latest exchange rate from openexchangerates
2022-12-22 15:54:35.612  INFO 241060 --- [    Test worker] r.b.g.repository.ExchangeRateRepository  : The latest (up to time 2022-12-21T09:59:52) exchange rate of RUB is: 70.249997
2022-12-22 15:54:35.620  INFO 241060 --- [    Test worker] r.b.g.repository.ExchangeRateRepository  : Getting yesterday exchange rate from openexchangerates
2022-12-22 15:54:35.621  INFO 241060 --- [    Test worker] r.b.g.repository.ExchangeRateRepository  : The yesterday (2022-12-21T08:59:52) exchange rate of RUB was: 68.499901
2022-12-22 15:54:35.635  INFO 241060 --- [    Test worker] r.b.g.repository.ExchangeRateRepository  : Getting latest exchange rate from openexchangerates
2022-12-22 15:54:35.636  INFO 241060 --- [    Test worker] r.b.g.repository.ExchangeRateRepository  : The latest (up to time 2022-12-22T09:59:51) exchange rate of RUB is: 71.375003
2022-12-22 15:54:35.636  INFO 241060 --- [    Test worker] r.b.g.repository.ExchangeRateRepository  : Getting yesterday exchange rate from openexchangerates
2022-12-22 15:54:35.637  INFO 241060 --- [    Test worker] r.b.g.repository.ExchangeRateRepository  : The yesterday (2022-12-22T17:59:30) exchange rate of RUB was: 72.425
2022-12-22 15:54:35.642  INFO 241060 --- [    Test worker] r.b.g.repository.ExchangeRateRepository  : Getting latest exchange rate from openexchangerates
2022-12-22 15:54:35.643  INFO 241060 --- [    Test worker] r.b.g.repository.ExchangeRateRepository  : The latest (up to time 2022-12-22T09:59:51) exchange rate of RUB is: 71.257
2022-12-22 15:54:35.643  INFO 241060 --- [    Test worker] r.b.g.repository.ExchangeRateRepository  : Getting yesterday exchange rate from openexchangerates
2022-12-22 15:54:35.643  INFO 241060 --- [    Test worker] r.b.g.repository.ExchangeRateRepository  : The yesterday (2022-12-22T17:59:30) exchange rate of RUB was: 70.5647
2022-12-22 15:54:35.647  INFO 241060 --- [    Test worker] r.b.g.repository.ExchangeRateRepository  : Getting latest exchange rate from openexchangerates
2022-12-22 15:54:35.647  INFO 241060 --- [    Test worker] r.b.g.repository.ExchangeRateRepository  : The latest (up to time 2022-12-22T09:59:51) exchange rate of RUB is: 68.4566
2022-12-22 15:54:35.647  INFO 241060 --- [    Test worker] r.b.g.repository.ExchangeRateRepository  : Getting yesterday exchange rate from openexchangerates
2022-12-22 15:54:35.647  INFO 241060 --- [    Test worker] r.b.g.repository.ExchangeRateRepository  : The yesterday (2022-12-22T17:59:30) exchange rate of RUB was: 68.4566
]]></system-out>
  <system-err><![CDATA[]]></system-err>
</testsuite>
