<?xml version="1.0" encoding="UTF-8"?>
<testsuite name="ru.borisov.giphycurrency.GifServiceTest" tests="3" skipped="0" failures="0" errors="0" timestamp="2022-12-22T06:54:36" hostname="ginzzu-rcit" time="0.014">
  <properties/>
  <testcase name="Get gif url 1/3" classname="ru.borisov.giphycurrency.GifServiceTest" time="0.006"/>
  <testcase name="Get gif url 2/3" classname="ru.borisov.giphycurrency.GifServiceTest" time="0.002"/>
  <testcase name="Get gif url 3/3" classname="ru.borisov.giphycurrency.GifServiceTest" time="0.004"/>
  <system-out><![CDATA[2022-12-22 15:54:35.652  INFO 241060 --- [    Test worker] .b.t.c.SpringBootTestContextBootstrapper : Neither @ContextConfiguration nor @ContextHierarchy found for test class [ru.borisov.giphycurrency.GifServiceTest], using SpringBootContextLoader
2022-12-22 15:54:35.652  INFO 241060 --- [    Test worker] o.s.t.c.support.AbstractContextLoader    : Could not detect default resource locations for test class [ru.borisov.giphycurrency.GifServiceTest]: no resource found for suffixes {-context.xml, Context.groovy}.
2022-12-22 15:54:35.653  INFO 241060 --- [    Test worker] t.c.s.AnnotationConfigContextLoaderUtils : Could not detect default configuration classes for test class [ru.borisov.giphycurrency.GifServiceTest]: GifServiceTest does not declare any static, non-private, non-final, nested classes annotated with @Configuration.
2022-12-22 15:54:35.653  INFO 241060 --- [    Test worker] .b.t.c.SpringBootTestContextBootstrapper : Found @SpringBootConfiguration ru.borisov.giphycurrency.GiphyCurrencyApplication for test class ru.borisov.giphycurrency.GifServiceTest
2022-12-22 15:54:35.654  INFO 241060 --- [    Test worker] .b.t.c.SpringBootTestContextBootstrapper : Loaded default TestExecutionListener class names from location [META-INF/spring.factories]: [org.springframework.boot.test.autoconfigure.restdocs.RestDocsTestExecutionListener, org.springframework.boot.test.autoconfigure.web.client.MockRestServiceServerResetTestExecutionListener, org.springframework.boot.test.autoconfigure.web.servlet.MockMvcPrintOnlyOnFailureTestExecutionListener, org.springframework.boot.test.autoconfigure.web.servlet.WebDriverTestExecutionListener, org.springframework.boot.test.autoconfigure.webservices.client.MockWebServiceServerTestExecutionListener, org.springframework.boot.test.mock.mockito.MockitoTestExecutionListener, org.springframework.boot.test.mock.mockito.ResetMocksTestExecutionListener, org.springframework.test.context.web.ServletTestExecutionListener, org.springframework.test.context.support.DirtiesContextBeforeModesTestExecutionListener, org.springframework.test.context.event.ApplicationEventsTestExecutionListener, org.springframework.test.context.support.DependencyInjectionTestExecutionListener, org.springframework.test.context.support.DirtiesContextTestExecutionListener, org.springframework.test.context.transaction.TransactionalTestExecutionListener, org.springframework.test.context.jdbc.SqlScriptsTestExecutionListener, org.springframework.test.context.event.EventPublishingTestExecutionListener]
2022-12-22 15:54:35.655  INFO 241060 --- [    Test worker] .b.t.c.SpringBootTestContextBootstrapper : Using TestExecutionListeners: [org.springframework.test.context.web.ServletTestExecutionListener@1d5bb5c, org.springframework.test.context.support.DirtiesContextBeforeModesTestExecutionListener@7846913f, org.springframework.test.context.event.ApplicationEventsTestExecutionListener@48da64f2, org.springframework.boot.test.mock.mockito.MockitoTestExecutionListener@60b553f, org.springframework.boot.test.autoconfigure.SpringBootDependencyInjectionTestExecutionListener@2aa811f9, org.springframework.test.context.support.DirtiesContextTestExecutionListener@66abb2fa, org.springframework.test.context.event.EventPublishingTestExecutionListener@7d4da729, org.springframework.boot.test.autoconfigure.restdocs.RestDocsTestExecutionListener@2133b712, org.springframework.boot.test.autoconfigure.web.client.MockRestServiceServerResetTestExecutionListener@4b7e4d14, org.springframework.boot.test.autoconfigure.web.servlet.MockMvcPrintOnlyOnFailureTestExecutionListener@70f91ae3, org.springframework.boot.test.autoconfigure.web.servlet.WebDriverTestExecutionListener@601d9f3a, org.springframework.boot.test.autoconfigure.webservices.client.MockWebServiceServerTestExecutionListener@5c2a3f0c, org.springframework.boot.test.mock.mockito.ResetMocksTestExecutionListener@6585df70]

  .   ____          _            __ _ _
 /\\ / ___'_ __ _ _(_)_ __  __ _ \ \ \ \
( ( )\___ | '_ | '_| | '_ \/ _` | \ \ \ \
 \\/  ___)| |_)| | | | | || (_| |  ) ) ) )
  '  |____| .__|_| |_|_| |_\__, | / / / /
 =========|_|==============|___/=/_/_/_/
 :: Spring Boot ::                (v2.7.6)

2022-12-22 15:54:35.679  INFO 241060 --- [    Test worker] ru.borisov.giphycurrency.GifServiceTest  : Starting GifServiceTest using Java 11.0.17 on ginzzu-rcit with PID 241060 (started by ascjke in /home/ascjke/Documents/IdeaProjects/giphy-currency)
2022-12-22 15:54:35.679  INFO 241060 --- [    Test worker] ru.borisov.giphycurrency.GifServiceTest  : No active profile set, falling back to 1 default profile: "default"
2022-12-22 15:54:35.761  INFO 241060 --- [    Test worker] o.s.cloud.context.scope.GenericScope     : BeanFactory id=3e5c03bf-5ffd-3cd1-879a-283a1fe71375
2022-12-22 15:54:36.046  INFO 241060 --- [    Test worker] ru.borisov.giphycurrency.GifServiceTest  : Started GifServiceTest in 0.389 seconds (JVM running for 3.011)
2022-12-22 15:54:36.055  INFO 241060 --- [    Test worker] r.b.g.repository.GifRepository           : Getting GIF from Giphy
2022-12-22 15:54:36.059  INFO 241060 --- [    Test worker] r.b.g.repository.GifRepository           : Getting GIF from Giphy
2022-12-22 15:54:36.062  INFO 241060 --- [    Test worker] r.b.g.repository.GifRepository           : Getting GIF from Giphy
]]></system-out>
  <system-err><![CDATA[]]></system-err>
</testsuite>
