<?xml version="1.0" encoding="UTF-8"?>
<testsuite name="ru.borisov.giphycurrency.CurrencyGifRestControllerTest" tests="1" skipped="0" failures="0" errors="0" timestamp="2022-12-21T07:54:00" hostname="ginzzu-rcit" time="0.023">
  <properties/>
  <testcase name="getGifUrl()" classname="ru.borisov.giphycurrency.CurrencyGifRestControllerTest" time="0.023"/>
  <system-out><![CDATA[16:53:58.453 [Test worker] DEBUG org.springframework.test.context.BootstrapUtils - Instantiating CacheAwareContextLoaderDelegate from class [org.springframework.test.context.cache.DefaultCacheAwareContextLoaderDelegate]
16:53:58.458 [Test worker] DEBUG org.springframework.test.context.BootstrapUtils - Instantiating BootstrapContext using constructor [public org.springframework.test.context.support.DefaultBootstrapContext(java.lang.Class,org.springframework.test.context.CacheAwareContextLoaderDelegate)]
16:53:58.475 [Test worker] DEBUG org.springframework.test.context.BootstrapUtils - Instantiating TestContextBootstrapper for test class [ru.borisov.giphycurrency.CurrencyGifRestControllerTest] from class [org.springframework.boot.test.context.SpringBootTestContextBootstrapper]
16:53:58.481 [Test worker] INFO org.springframework.boot.test.context.SpringBootTestContextBootstrapper - Neither @ContextConfiguration nor @ContextHierarchy found for test class [ru.borisov.giphycurrency.CurrencyGifRestControllerTest], using SpringBootContextLoader
16:53:58.483 [Test worker] DEBUG org.springframework.test.context.support.AbstractContextLoader - Did not detect default resource location for test class [ru.borisov.giphycurrency.CurrencyGifRestControllerTest]: class path resource [ru/borisov/giphycurrency/CurrencyGifRestControllerTest-context.xml] does not exist
16:53:58.483 [Test worker] DEBUG org.springframework.test.context.support.AbstractContextLoader - Did not detect default resource location for test class [ru.borisov.giphycurrency.CurrencyGifRestControllerTest]: class path resource [ru/borisov/giphycurrency/CurrencyGifRestControllerTestContext.groovy] does not exist
16:53:58.483 [Test worker] INFO org.springframework.test.context.support.AbstractContextLoader - Could not detect default resource locations for test class [ru.borisov.giphycurrency.CurrencyGifRestControllerTest]: no resource found for suffixes {-context.xml, Context.groovy}.
16:53:58.484 [Test worker] INFO org.springframework.test.context.support.AnnotationConfigContextLoaderUtils - Could not detect default configuration classes for test class [ru.borisov.giphycurrency.CurrencyGifRestControllerTest]: CurrencyGifRestControllerTest does not declare any static, non-private, non-final, nested classes annotated with @Configuration.
16:53:58.511 [Test worker] DEBUG org.springframework.test.context.support.ActiveProfilesUtils - Could not find an 'annotation declaring class' for annotation type [org.springframework.test.context.ActiveProfiles] and class [ru.borisov.giphycurrency.CurrencyGifRestControllerTest]
16:53:58.540 [Test worker] DEBUG org.springframework.context.annotation.ClassPathScanningCandidateComponentProvider - Identified candidate component class: file [/home/ascjke/Documents/IdeaProjects/giphy-currency/build/classes/java/main/ru/borisov/giphycurrency/GiphyCurrencyApplication.class]
16:53:58.540 [Test worker] INFO org.springframework.boot.test.context.SpringBootTestContextBootstrapper - Found @SpringBootConfiguration ru.borisov.giphycurrency.GiphyCurrencyApplication for test class ru.borisov.giphycurrency.CurrencyGifRestControllerTest
16:53:58.589 [Test worker] DEBUG org.springframework.boot.test.context.SpringBootTestContextBootstrapper - @TestExecutionListeners is not present for class [ru.borisov.giphycurrency.CurrencyGifRestControllerTest]: using defaults.
16:53:58.589 [Test worker] INFO org.springframework.boot.test.context.SpringBootTestContextBootstrapper - Loaded default TestExecutionListener class names from location [META-INF/spring.factories]: [org.springframework.boot.test.autoconfigure.restdocs.RestDocsTestExecutionListener, org.springframework.boot.test.autoconfigure.web.client.MockRestServiceServerResetTestExecutionListener, org.springframework.boot.test.autoconfigure.web.servlet.MockMvcPrintOnlyOnFailureTestExecutionListener, org.springframework.boot.test.autoconfigure.web.servlet.WebDriverTestExecutionListener, org.springframework.boot.test.autoconfigure.webservices.client.MockWebServiceServerTestExecutionListener, org.springframework.boot.test.mock.mockito.MockitoTestExecutionListener, org.springframework.boot.test.mock.mockito.ResetMocksTestExecutionListener, org.springframework.test.context.web.ServletTestExecutionListener, org.springframework.test.context.support.DirtiesContextBeforeModesTestExecutionListener, org.springframework.test.context.event.ApplicationEventsTestExecutionListener, org.springframework.test.context.support.DependencyInjectionTestExecutionListener, org.springframework.test.context.support.DirtiesContextTestExecutionListener, org.springframework.test.context.transaction.TransactionalTestExecutionListener, org.springframework.test.context.jdbc.SqlScriptsTestExecutionListener, org.springframework.test.context.event.EventPublishingTestExecutionListener]
16:53:58.594 [Test worker] DEBUG org.springframework.boot.test.context.SpringBootTestContextBootstrapper - Skipping candidate TestExecutionListener [org.springframework.test.context.transaction.TransactionalTestExecutionListener] due to a missing dependency. Specify custom listener classes or make the default listener classes and their required dependencies available. Offending class: [org/springframework/transaction/TransactionDefinition]
16:53:58.595 [Test worker] DEBUG org.springframework.boot.test.context.SpringBootTestContextBootstrapper - Skipping candidate TestExecutionListener [org.springframework.test.context.jdbc.SqlScriptsTestExecutionListener] due to a missing dependency. Specify custom listener classes or make the default listener classes and their required dependencies available. Offending class: [org/springframework/transaction/interceptor/TransactionAttribute]
16:53:58.595 [Test worker] INFO org.springframework.boot.test.context.SpringBootTestContextBootstrapper - Using TestExecutionListeners: [org.springframework.test.context.web.ServletTestExecutionListener@4d9d1b69, org.springframework.test.context.support.DirtiesContextBeforeModesTestExecutionListener@52c8295b, org.springframework.test.context.event.ApplicationEventsTestExecutionListener@251f7d26, org.springframework.boot.test.mock.mockito.MockitoTestExecutionListener@77b21474, org.springframework.boot.test.autoconfigure.SpringBootDependencyInjectionTestExecutionListener@52d10fb8, org.springframework.test.context.support.DirtiesContextTestExecutionListener@41c07648, org.springframework.test.context.event.EventPublishingTestExecutionListener@1fe8d51b, org.springframework.boot.test.autoconfigure.restdocs.RestDocsTestExecutionListener@781e7326, org.springframework.boot.test.autoconfigure.web.client.MockRestServiceServerResetTestExecutionListener@22680f52, org.springframework.boot.test.autoconfigure.web.servlet.MockMvcPrintOnlyOnFailureTestExecutionListener@60d84f61, org.springframework.boot.test.autoconfigure.web.servlet.WebDriverTestExecutionListener@39c11e6c, org.springframework.boot.test.autoconfigure.webservices.client.MockWebServiceServerTestExecutionListener@324dcd31, org.springframework.boot.test.mock.mockito.ResetMocksTestExecutionListener@503d56b5]
16:53:58.602 [Test worker] DEBUG org.springframework.test.context.support.AbstractDirtiesContextTestExecutionListener - Before test class: context [DefaultTestContext@1c807b1d testClass = CurrencyGifRestControllerTest, testInstance = [null], testMethod = [null], testException = [null], mergedContextConfiguration = [WebMergedContextConfiguration@238b521e testClass = CurrencyGifRestControllerTest, locations = '{}', classes = '{class ru.borisov.giphycurrency.GiphyCurrencyApplication}', contextInitializerClasses = '[]', activeProfiles = '{}', propertySourceLocations = '{}', propertySourceProperties = '{org.springframework.boot.test.context.SpringBootTestContextBootstrapper=true}', contextCustomizers = set[org.springframework.boot.test.autoconfigure.actuate.metrics.MetricsExportContextCustomizerFactory$DisableMetricExportContextCustomizer@4da602fc, org.springframework.boot.test.autoconfigure.properties.PropertyMappingContextCustomizer@0, org.springframework.boot.test.autoconfigure.web.servlet.WebDriverContextCustomizerFactory$Customizer@62f4ff3b, org.springframework.boot.test.context.filter.ExcludeFilterContextCustomizer@34997338, org.springframework.boot.test.json.DuplicateJsonObjectContextCustomizerFactory$DuplicateJsonObjectContextCustomizer@163d04ff, org.springframework.boot.test.mock.mockito.MockitoContextCustomizer@ac0e1c8a, org.springframework.boot.test.web.client.TestRestTemplateContextCustomizer@531c311e, org.springframework.boot.test.context.SpringBootTestArgs@1, org.springframework.boot.test.context.SpringBootTestWebEnvironment@7068e664], resourceBasePath = 'src/main/webapp', contextLoader = 'org.springframework.boot.test.context.SpringBootContextLoader', parent = [null]], attributes = map['org.springframework.test.context.web.ServletTestExecutionListener.activateListener' -> true]], class annotated with @DirtiesContext [false] with mode [null].

  .   ____          _            __ _ _
 /\\ / ___'_ __ _ _(_)_ __  __ _ \ \ \ \
( ( )\___ | '_ | '_| | '_ \/ _` | \ \ \ \
 \\/  ___)| |_)| | | | | || (_| |  ) ) ) )
  '  |____| .__|_| |_|_| |_\__, | / / / /
 =========|_|==============|___/=/_/_/_/
 :: Spring Boot ::                (v2.7.6)

2022-12-21 16:53:58.817  INFO 178347 --- [    Test worker] r.b.g.CurrencyGifRestControllerTest      : Starting CurrencyGifRestControllerTest using Java 11.0.17 on ginzzu-rcit with PID 178347 (started by ascjke in /home/ascjke/Documents/IdeaProjects/giphy-currency)
2022-12-21 16:53:58.818  INFO 178347 --- [    Test worker] r.b.g.CurrencyGifRestControllerTest      : No active profile set, falling back to 1 default profile: "default"
2022-12-21 16:53:59.239  INFO 178347 --- [    Test worker] o.s.cloud.context.scope.GenericScope     : BeanFactory id=f1d769d7-2634-33fa-bc47-b3eb46935741
2022-12-21 16:54:00.586  INFO 178347 --- [    Test worker] r.b.g.CurrencyGifRestControllerTest      : Started CurrencyGifRestControllerTest in 1.962 seconds (JVM running for 2.901)
]]></system-out>
  <system-err><![CDATA[]]></system-err>
</testsuite>
